install: C:/Program Files/ANSYS Inc/v221/SCADE/contrib/Msys64/mingw64/bin/../lib/gcc/x86_64-w64-mingw32/5.1.0/
programs: =C:/Program Files/ANSYS Inc/v221/SCADE/contrib/Msys64/mingw64/bin/../libexec/gcc/x86_64-w64-mingw32/5.1.0/;C:/Program Files/ANSYS Inc/v221/SCADE/contrib/Msys64/mingw64/bin/../libexec/gcc/;C:/Program Files/ANSYS Inc/v221/SCADE/contrib/Msys64/mingw64/bin/../lib/gcc/x86_64-w64-mingw32/5.1.0/../../../../x86_64-w64-mingw32/bin/x86_64-w64-mingw32/5.1.0/;C:/Program Files/ANSYS Inc/v221/SCADE/contrib/Msys64/mingw64/bin/../lib/gcc/x86_64-w64-mingw32/5.1.0/../../../../x86_64-w64-mingw32/bin/
libraries: =C:/Program Files/ANSYS Inc/v221/SCADE/contrib/Msys64/mingw64/bin/../lib/gcc/x86_64-w64-mingw32/5.1.0/;C:/Program Files/ANSYS Inc/v221/SCADE/contrib/Msys64/mingw64/bin/../lib/gcc/;C:/Program Files/ANSYS Inc/v221/SCADE/contrib/Msys64/mingw64/bin/../lib/gcc/x86_64-w64-mingw32/5.1.0/../../../../x86_64-w64-mingw32/lib/x86_64-w64-mingw32/5.1.0/;C:/Program Files/ANSYS Inc/v221/SCADE/contrib/Msys64/mingw64/bin/../lib/gcc/x86_64-w64-mingw32/5.1.0/../../../../x86_64-w64-mingw32/lib/../lib/;C:/Program Files/ANSYS Inc/v221/SCADE/contrib/Msys64/mingw64/bin/../lib/gcc/x86_64-w64-mingw32/5.1.0/../../../x86_64-w64-mingw32/5.1.0/;C:/Program Files/ANSYS Inc/v221/SCADE/contrib/Msys64/mingw64/bin/../lib/gcc/x86_64-w64-mingw32/5.1.0/../../../../lib/;C:/mingw510/x86_64-510-win32-sjlj-rt_v4-rev0/mingw64/mingw/lib/x86_64-w64-mingw32/5.1.0/;C:/mingw510/x86_64-510-win32-sjlj-rt_v4-rev0/mingw64/mingw/lib/../lib/;C:/Program Files/ANSYS Inc/v221/SCADE/contrib/Msys64/mingw64/bin/../lib/gcc/x86_64-w64-mingw32/5.1.0/../../../../x86_64-w64-mingw32/lib/;C:/Program Files/ANSYS Inc/v221/SCADE/contrib/Msys64/mingw64/bin/../lib/gcc/x86_64-w64-mingw32/5.1.0/../../../;C:/mingw510/x86_64-510-win32-sjlj-rt_v4-rev0/mingw64/mingw/lib/
gcc -I"." -I".." -I"C:\Program Files\ANSYS Inc\v221\SCADE\SCADE\libraries\SC65\libmathext"  -DBUILD_DLL -DWIN32 -D_CONSOLE -D_MBCS -DNDEBUG -pedantic -c -ansi -std=c99 -m64 "..\SystemSimul_System.c" -o ".obj\SystemSimul_System.o"
gcc -I"." -I".." -I"C:\Program Files\ANSYS Inc\v221\SCADE\SCADE\libraries\SC65\libmathext"  -DBUILD_DLL -DWIN32 -D_CONSOLE -D_MBCS -DNDEBUG -pedantic -c -ansi -std=c99 -m64 "..\AutonomousEmergencyBrake_AutonomousEmergencyBrake.c" -o ".obj\AutonomousEmergencyBrake_AutonomousEmergencyBrake.o"
gcc -I"." -I".." -I"C:\Program Files\ANSYS Inc\v221\SCADE\SCADE\libraries\SC65\libmathext"  -DBUILD_DLL -DWIN32 -D_CONSOLE -D_MBCS -DNDEBUG -pedantic -c -ansi -std=c99 -m64 "..\IfCases_AutonomousEmergencyBrake.c" -o ".obj\IfCases_AutonomousEmergencyBrake.o"
gcc -I"." -I".." -I"C:\Program Files\ANSYS Inc\v221\SCADE\SCADE\libraries\SC65\libmathext"  -DBUILD_DLL -DWIN32 -D_CONSOLE -D_MBCS -DNDEBUG -pedantic -c -ansi -std=c99 -m64 "..\ArduinoCalculation_AutonomousEmergencyBrake.c" -o ".obj\ArduinoCalculation_AutonomousEmergencyBrake.o"
gcc -I"." -I".." -I"C:\Program Files\ANSYS Inc\v221\SCADE\SCADE\libraries\SC65\libmathext"  -DBUILD_DLL -DWIN32 -D_CONSOLE -D_MBCS -DNDEBUG -pedantic -c -ansi -std=c99 -m64 "..\CruiseControl_CruiseControl.c" -o ".obj\CruiseControl_CruiseControl.o"
gcc -I"." -I".." -I"C:\Program Files\ANSYS Inc\v221\SCADE\SCADE\libraries\SC65\libmathext"  -DBUILD_DLL -DWIN32 -D_CONSOLE -D_MBCS -DNDEBUG -pedantic -c -ansi -std=c99 -m64 "..\CruiseSpeedMgt_CruiseControl.c" -o ".obj\CruiseSpeedMgt_CruiseControl.o"
gcc -I"." -I".." -I"C:\Program Files\ANSYS Inc\v221\SCADE\SCADE\libraries\SC65\libmathext"  -DBUILD_DLL -DWIN32 -D_CONSOLE -D_MBCS -DNDEBUG -pedantic -c -ansi -std=c99 -m64 "..\CruiseRegulation_CruiseControl.c" -o ".obj\CruiseRegulation_CruiseControl.o"
gcc -I"." -I".." -I"C:\Program Files\ANSYS Inc\v221\SCADE\SCADE\libraries\SC65\libmathext"  -DBUILD_DLL -DWIN32 -D_CONSOLE -D_MBCS -DNDEBUG -pedantic -c -ansi -std=c99 -m64 "..\SaturateThrottle_CruiseControl.c" -o ".obj\SaturateThrottle_CruiseControl.o"
gcc -I"." -I".." -I"C:\Program Files\ANSYS Inc\v221\SCADE\SCADE\libraries\SC65\libmathext"  -DBUILD_DLL -DWIN32 -D_CONSOLE -D_MBCS -DNDEBUG -pedantic -c -ansi -std=c99 -m64 "..\CarModel_Car.c" -o ".obj\CarModel_Car.o"
gcc -I"." -I".." -I"C:\Program Files\ANSYS Inc\v221\SCADE\SCADE\libraries\SC65\libmathext"  -DBUILD_DLL -DWIN32 -D_CONSOLE -D_MBCS -DNDEBUG -pedantic -c -ansi -std=c99 -m64 "..\Body_Car.c" -o ".obj\Body_Car.o"
gcc -I"." -I".." -I"C:\Program Files\ANSYS Inc\v221\SCADE\SCADE\libraries\SC65\libmathext"  -DBUILD_DLL -DWIN32 -D_CONSOLE -D_MBCS -DNDEBUG -pedantic -c -ansi -std=c99 -m64 "..\PowerTrainStatic_Car.c" -o ".obj\PowerTrainStatic_Car.o"
gcc -I"." -I".." -I"C:\Program Files\ANSYS Inc\v221\SCADE\SCADE\libraries\SC65\libmathext"  -DBUILD_DLL -DWIN32 -D_CONSOLE -D_MBCS -DNDEBUG -pedantic -c -ansi -std=c99 -m64 "..\kcg_types.c" -o ".obj\kcg_types.o"
gcc -I"." -I".." -I"C:\Program Files\ANSYS Inc\v221\SCADE\SCADE\libraries\SC65\libmathext"  -DBUILD_DLL -DWIN32 -D_CONSOLE -D_MBCS -DNDEBUG -pedantic -c -ansi -std=c99 -m64 "..\kcg_consts.c" -o ".obj\kcg_consts.o"
gcc -I"." -I".." -I"C:\Program Files\ANSYS Inc\v221\SCADE\SCADE\libraries\SC65\libmathext"  -DBUILD_DLL -DWIN32 -D_CONSOLE -D_MBCS -DNDEBUG -pedantic -c -ansi -std=c99 -m64 "CC-003_interface.c" -o ".obj\CC-003_interface.o"
gcc -I"." -I".." -I"C:\Program Files\ANSYS Inc\v221\SCADE\SCADE\libraries\SC65\libmathext"  -DBUILD_DLL -DWIN32 -D_CONSOLE -D_MBCS -DNDEBUG -pedantic -c -ansi -std=c99 -m64 "CC-003_dll.c" -o ".obj\CC-003_dll.o"
gcc -I"." -I".." -I"C:\Program Files\ANSYS Inc\v221\SCADE\SCADE\libraries\SC65\libmathext"  -DBUILD_DLL -DWIN32 -D_CONSOLE -D_MBCS -DNDEBUG -pedantic -c -ansi -std=c99 -m64 "CC-003_type.c" -o ".obj\CC-003_type.o"
gcc -I"." -I".." -I"C:\Program Files\ANSYS Inc\v221\SCADE\SCADE\libraries\SC65\libmathext"  -DBUILD_DLL -DWIN32 -D_CONSOLE -D_MBCS -DNDEBUG -pedantic -c -ansi -std=c99 -m64 "CC-003_mapping.c" -o ".obj\CC-003_mapping.o"
gcc -I"." -I".." -I"C:\Program Files\ANSYS Inc\v221\SCADE\SCADE\libraries\SC65\libmathext"  -DBUILD_DLL -DWIN32 -D_CONSOLE -D_MBCS -DNDEBUG -pedantic -c -ansi -std=c99 -m64 "SmuConfig.c" -o ".obj\SmuConfig.o"
gcc -I"." -I".." -I"C:\Program Files\ANSYS Inc\v221\SCADE\SCADE\libraries\SC65\libmathext"  -DBUILD_DLL -DWIN32 -D_CONSOLE -D_MBCS -DNDEBUG -pedantic -c -ansi -std=c99 -m64 "SmuTypes.c" -o ".obj\SmuTypes.o"
gcc -I"." -I".." -I"C:\Program Files\ANSYS Inc\v221\SCADE\SCADE\libraries\SC65\libmathext"  -DBUILD_DLL -DWIN32 -D_CONSOLE -D_MBCS -DNDEBUG -pedantic -c -ansi -std=c99 -m64 "SmuLib.c" -o ".obj\SmuLib.o"
gcc -I"." -I".." -I"C:\Program Files\ANSYS Inc\v221\SCADE\SCADE\libraries\SC65\libmathext"  -DBUILD_DLL -DWIN32 -D_CONSOLE -D_MBCS -DNDEBUG -pedantic -c -ansi -std=c99 -m64 "SmuVTable.c" -o ".obj\SmuVTable.o"
gcc -I"." -I".." -I"C:\Program Files\ANSYS Inc\v221\SCADE\SCADE\libraries\SC65\libmathext"  -DBUILD_DLL -DWIN32 -D_CONSOLE -D_MBCS -DNDEBUG -pedantic -c -ansi -std=c99 -m64 "TEEProxy.c" -o ".obj\TEEProxy.o"
gcc -I"." -I".." -I"C:\Program Files\ANSYS Inc\v221\SCADE\SCADE\libraries\SC65\libmathext"  -DBUILD_DLL -DWIN32 -D_CONSOLE -D_MBCS -DNDEBUG -pedantic -c -ansi -std=c99 -m64 "te_image_lib.c" -o ".obj\te_image_lib.o"
gcc -I"." -I".." -I"C:\Program Files\ANSYS Inc\v221\SCADE\SCADE\libraries\SC65\libmathext"  -DBUILD_DLL -DWIN32 -D_CONSOLE -D_MBCS -DNDEBUG -pedantic -c -ansi -std=c99 -m64 "SmuPredefConv.c" -o ".obj\SmuPredefConv.o"
gcc  -mwindows -mwin32 -shared -static-libgcc @.obj.in  TEEExport.def   -lm -o TE.dll
.obj/PowerTrainStatic_Car.o:PowerTrainStatic_Car.c:(.text+0x67): undefined reference to `ExpR64_mathext_mathextimpl'
collect2.exe: error: ld returned 1 exit status
makefile:47: recipe for target 'TE.dll' failed
mingw32-make.exe: *** [TE.dll] Error 1
